[2019-05-23 14:22:51,162] - log_print.py] - INFO: ----------------正在连接mysql服务器----------------
[2019-05-23 14:22:51,175] - log_print.py] - INFO: ----------------连接服务器成功----------------
[2019-05-23 14:22:51,179] - log_print.py] - INFO: ----------------查询结束,数据库无数据----------------
[2019-05-23 14:28:32,499] - log_print.py] - INFO: ----------------正在连接mysql服务器----------------
[2019-05-23 14:28:32,514] - log_print.py] - INFO: ----------------连接服务器成功----------------
[2019-05-23 14:28:32,516] - log_print.py] - INFO: ----------------查询结束,数据库无数据----------------
[2019-05-23 14:36:44,287] - log_print.py] - INFO: ----------------正在连接mysql服务器----------------
[2019-05-23 14:36:44,299] - log_print.py] - INFO: ----------------连接服务器成功----------------
[2019-05-23 14:36:44,302] - log_print.py] - INFO: ----------------查询结束,数据库无数据----------------
[2019-05-23 14:42:40,428] - log_print.py] - INFO: ----------------正在连接mysql服务器----------------
[2019-05-23 14:42:40,439] - log_print.py] - INFO: ----------------连接服务器成功----------------
[2019-05-23 14:42:40,441] - log_print.py] - INFO: ----------------查询结束,数据库无数据----------------
[2019-05-23 14:43:04,459] - log_print.py] - INFO: ----------------正在连接mysql服务器----------------
[2019-05-23 14:43:04,465] - log_print.py] - INFO: ----------------连接服务器成功----------------
[2019-05-23 14:43:04,467] - log_print.py] - INFO: ----------------查询结束,数据库无数据----------------
[2019-05-23 16:48:00,343] - log_print.py] - INFO: ----------------正在连接mysql服务器----------------
[2019-05-23 16:48:00,353] - log_print.py] - INFO: ----------------连接服务器成功----------------
[2019-05-23 17:18:58,934] - log_print.py] - INFO: ----------------正在连接mysql服务器----------------
[2019-05-23 17:18:58,945] - log_print.py] - INFO: ----------------连接服务器成功----------------
[2019-05-23 17:20:20,889] - log_print.py] - INFO: ----------------正在连接mysql服务器----------------
[2019-05-23 17:20:20,900] - log_print.py] - INFO: ----------------连接服务器成功----------------
[2019-05-23 17:20:37,757] - log_print.py] - INFO: ----------------正在连接mysql服务器----------------
[2019-05-23 17:20:37,766] - log_print.py] - INFO: ----------------连接服务器成功----------------
[2019-05-23 19:09:54,392] - log_print.py] - INFO: ----------------读取配置文件中邮箱信息----------------
[2019-05-23 19:10:04,054] - log_print.py] - INFO: ----------------读取配置文件中邮箱信息----------------
[2019-05-23 19:10:04,328] - log_print.py] - INFO: ----------------正在连接mysql服务器----------------
[2019-05-23 19:10:04,332] - log_print.py] - INFO: ----------------连接服务器成功----------------
[2019-05-23 19:10:04,332] - log_print.py] - INFO: ----------------开始读取excel中的测试用例----------------
[2019-05-23 19:10:04,332] - log_print.py] - ERROR: ----------------测试用例文件不存在!!----------------
[2019-05-23 19:21:46,367] - log_print.py] - INFO: ----------------读取配置文件中邮箱信息----------------
[2019-05-23 19:21:46,650] - log_print.py] - INFO: ----------------正在连接mysql服务器----------------
[2019-05-23 19:21:46,653] - log_print.py] - INFO: ----------------连接服务器成功----------------
[2019-05-23 19:21:46,653] - log_print.py] - INFO: ----------------开始读取excel中的测试用例----------------
[2019-05-23 19:21:46,672] - log_print.py] - INFO: ----------------执行用例前插入准备更新的表记录----------------
[2019-05-23 19:21:46,672] - log_print.py] - INFO: ----------------正在连接mysql服务器----------------
[2019-05-23 19:21:46,675] - log_print.py] - INFO: ----------------连接服务器成功----------------
[2019-05-23 19:21:46,684] - log_print.py] - INFO: ----------------开始执行测试用例----------------
