[2019-04-26 19:28:50,390] - log_print.py] - INFO: ----------------读取配置文件中邮箱信息----------------
[2019-04-26 19:28:50,551] - log_print.py] - INFO: ----------------正在连接mysql服务器----------------
[2019-04-26 19:28:50,555] - log_print.py] - INFO: ----------------连接服务器成功----------------
[2019-04-26 19:28:50,555] - log_print.py] - INFO: ----------------开始读取excel中的测试用例----------------
[2019-04-26 19:28:50,575] - log_print.py] - INFO: ----------------执行用例前插入准备更新的表记录----------------
[2019-04-26 19:28:50,575] - log_print.py] - INFO: ----------------正在连接mysql服务器----------------
[2019-04-26 19:28:50,576] - log_print.py] - INFO: ----------------连接服务器成功----------------
[2019-04-26 19:28:50,642] - log_print.py] - INFO: ----------------开始执行测试用例----------------
[2019-04-26 19:28:50,644] - log_print.py] - INFO: ----------------开始调用接口----------------：http://httpbin.org/get
[2019-04-26 19:28:51,144] - log_print.py] - INFO: ----------------返回结果成功----------------：{
  "args": {
    "{\"name\": \"hongnaiwu\", \"age\": \"26\"}": ""
  }, 
  "headers": {
    "Accept": "*/*", 
    "Accept-Encoding": "gzip, deflate", 
    "Host": "httpbin.org", 
    "User-Agent": "python-requests/2.21.0"
  }, 
  "origin": "115.194.104.2, 115.194.104.2", 
  "url": "https://httpbin.org/get?{\"name\": \"hongnaiwu\", \"age\": \"26\"}"
}

[2019-04-26 19:28:51,145] - log_print.py] - INFO: ----------------测试断言结果----------------：第1个测试用例断言：失败
[2019-04-26 19:28:51,184] - log_print.py] - INFO: ----------------根据用例执行情况,开始更新测试结果表的相关数据----------------
[2019-04-26 19:28:51,285] - log_print.py] - INFO: ----------------生成测试报告----------------
[2019-04-26 19:28:51,298] - log_print.py] - INFO: ----------------查询结束,数据库无数据----------------
[2019-04-26 19:30:31,997] - log_print.py] - INFO: ----------------读取配置文件中邮箱信息----------------
[2019-04-26 19:30:32,163] - log_print.py] - INFO: ----------------正在连接mysql服务器----------------
[2019-04-26 19:30:32,167] - log_print.py] - INFO: ----------------连接服务器成功----------------
[2019-04-26 19:30:32,168] - log_print.py] - INFO: ----------------开始读取excel中的测试用例----------------
[2019-04-26 19:30:32,187] - log_print.py] - INFO: ----------------执行用例前插入准备更新的表记录----------------
[2019-04-26 19:30:32,187] - log_print.py] - INFO: ----------------正在连接mysql服务器----------------
[2019-04-26 19:30:32,190] - log_print.py] - INFO: ----------------连接服务器成功----------------
[2019-04-26 19:30:32,246] - log_print.py] - INFO: ----------------开始执行测试用例----------------
[2019-04-26 19:30:32,246] - log_print.py] - INFO: ----------------开始调用接口----------------：http://httpbin.org/get
[2019-04-26 19:30:32,750] - log_print.py] - INFO: ----------------返回结果成功----------------：{
  "args": {
    "{\"name\": \"hongnaiwu\", \"age\": \"26\"}": ""
  }, 
  "headers": {
    "Accept": "*/*", 
    "Accept-Encoding": "gzip, deflate", 
    "Host": "httpbin.org", 
    "User-Agent": "python-requests/2.21.0"
  }, 
  "origin": "115.194.104.2, 115.194.104.2", 
  "url": "https://httpbin.org/get?{\"name\": \"hongnaiwu\", \"age\": \"26\"}"
}

[2019-04-26 19:30:32,750] - log_print.py] - INFO: ----------------测试断言结果----------------：第1个测试用例断言：失败
[2019-04-26 19:30:32,779] - log_print.py] - INFO: ----------------根据用例执行情况,开始更新测试结果表的相关数据----------------
[2019-04-26 19:30:32,884] - log_print.py] - INFO: ----------------生成测试报告----------------
[2019-04-26 19:30:32,888] - log_print.py] - INFO: ----------------查询结束,数据库无数据----------------
[2019-04-26 19:32:45,414] - log_print.py] - INFO: ----------------读取配置文件中邮箱信息----------------
[2019-04-26 19:32:45,585] - log_print.py] - INFO: ----------------正在连接mysql服务器----------------
[2019-04-26 19:32:45,589] - log_print.py] - INFO: ----------------连接服务器成功----------------
[2019-04-26 19:32:45,589] - log_print.py] - INFO: ----------------开始读取excel中的测试用例----------------
[2019-04-26 19:32:45,611] - log_print.py] - INFO: ----------------执行用例前插入准备更新的表记录----------------
[2019-04-26 19:32:45,611] - log_print.py] - INFO: ----------------正在连接mysql服务器----------------
[2019-04-26 19:32:45,614] - log_print.py] - INFO: ----------------连接服务器成功----------------
[2019-04-26 19:32:45,667] - log_print.py] - INFO: ----------------开始执行测试用例----------------
[2019-04-26 19:32:45,667] - log_print.py] - INFO: ----------------开始调用接口----------------：http://httpbin.org/get
[2019-04-26 19:32:46,167] - log_print.py] - INFO: ----------------返回结果成功----------------：{
  "args": {
    "{\"name\": \"hongnaiwu\", \"age\": \"26\"}": ""
  }, 
  "headers": {
    "Accept": "*/*", 
    "Accept-Encoding": "gzip, deflate", 
    "Host": "httpbin.org", 
    "User-Agent": "python-requests/2.21.0"
  }, 
  "origin": "115.194.104.2, 115.194.104.2", 
  "url": "https://httpbin.org/get?{\"name\": \"hongnaiwu\", \"age\": \"26\"}"
}

[2019-04-26 19:32:46,168] - log_print.py] - INFO: ----------------测试断言结果----------------：第1个测试用例断言：失败
[2019-04-26 19:32:46,209] - log_print.py] - INFO: ----------------根据用例执行情况,开始更新测试结果表的相关数据----------------
[2019-04-26 19:32:46,309] - log_print.py] - INFO: ----------------生成测试报告----------------
[2019-04-26 19:32:46,312] - log_print.py] - INFO: ----------------查询结束,数据库无数据----------------
[2019-04-26 19:33:33,986] - log_print.py] - INFO: ----------------读取配置文件中邮箱信息----------------
[2019-04-26 19:33:34,151] - log_print.py] - INFO: ----------------正在连接mysql服务器----------------
[2019-04-26 19:33:34,157] - log_print.py] - INFO: ----------------连接服务器成功----------------
[2019-04-26 19:33:34,157] - log_print.py] - INFO: ----------------开始读取excel中的测试用例----------------
[2019-04-26 19:33:34,177] - log_print.py] - INFO: ----------------执行用例前插入准备更新的表记录----------------
[2019-04-26 19:33:34,177] - log_print.py] - INFO: ----------------正在连接mysql服务器----------------
[2019-04-26 19:33:34,180] - log_print.py] - INFO: ----------------连接服务器成功----------------
[2019-04-26 19:33:34,223] - log_print.py] - INFO: ----------------开始执行测试用例----------------
[2019-04-26 19:33:34,224] - log_print.py] - INFO: ----------------开始调用接口----------------：http://httpbin.org/get
[2019-04-26 19:33:34,723] - log_print.py] - INFO: ----------------返回结果成功----------------：{
  "args": {
    "{\"name\": \"hongnaiwu\", \"age\": \"26\"}": ""
  }, 
  "headers": {
    "Accept": "*/*", 
    "Accept-Encoding": "gzip, deflate", 
    "Host": "httpbin.org", 
    "User-Agent": "python-requests/2.21.0"
  }, 
  "origin": "115.194.104.2, 115.194.104.2", 
  "url": "https://httpbin.org/get?{\"name\": \"hongnaiwu\", \"age\": \"26\"}"
}

[2019-04-26 19:33:34,723] - log_print.py] - INFO: ----------------测试断言结果----------------：第1个测试用例断言：失败
[2019-04-26 19:33:34,773] - log_print.py] - INFO: ----------------根据用例执行情况,开始更新测试结果表的相关数据----------------
[2019-04-26 19:33:34,828] - log_print.py] - INFO: ----------------生成测试报告----------------
[2019-04-26 19:33:34,832] - log_print.py] - INFO: ----------------查询结束,数据库无数据----------------
[2019-04-26 19:36:54,403] - log_print.py] - INFO: ----------------读取配置文件中邮箱信息----------------
[2019-04-26 19:36:54,569] - log_print.py] - INFO: ----------------正在连接mysql服务器----------------
[2019-04-26 19:36:54,575] - log_print.py] - INFO: ----------------连接服务器成功----------------
[2019-04-26 19:36:54,575] - log_print.py] - INFO: ----------------开始读取excel中的测试用例----------------
[2019-04-26 19:36:54,595] - log_print.py] - INFO: ----------------执行用例前插入准备更新的表记录----------------
[2019-04-26 19:36:54,595] - log_print.py] - INFO: ----------------正在连接mysql服务器----------------
[2019-04-26 19:36:54,598] - log_print.py] - INFO: ----------------连接服务器成功----------------
[2019-04-26 19:36:54,641] - log_print.py] - INFO: ----------------开始执行测试用例----------------
[2019-04-26 19:36:54,642] - log_print.py] - INFO: ----------------开始调用接口----------------：http://httpbin.org/get
[2019-04-26 19:36:55,220] - log_print.py] - INFO: ----------------返回结果成功----------------：{
  "args": {
    "{\"name\": \"hongnaiwu\", \"age\": \"26\"}": ""
  }, 
  "headers": {
    "Accept": "*/*", 
    "Accept-Encoding": "gzip, deflate", 
    "Host": "httpbin.org", 
    "User-Agent": "python-requests/2.21.0"
  }, 
  "origin": "115.194.104.2, 115.194.104.2", 
  "url": "https://httpbin.org/get?{\"name\": \"hongnaiwu\", \"age\": \"26\"}"
}

[2019-04-26 19:36:55,220] - log_print.py] - INFO: ----------------测试断言结果----------------：第1个测试用例断言：失败
[2019-04-26 19:36:55,257] - log_print.py] - INFO: ----------------根据用例执行情况,开始更新测试结果表的相关数据----------------
[2019-04-26 19:36:55,358] - log_print.py] - INFO: ----------------生成测试报告----------------
[2019-04-26 19:36:55,367] - log_print.py] - INFO: ----------------查询结束,数据库无数据----------------
[2019-04-26 19:39:11,267] - log_print.py] - INFO: ----------------读取配置文件中邮箱信息----------------
[2019-04-26 19:39:11,434] - log_print.py] - INFO: ----------------正在连接mysql服务器----------------
[2019-04-26 19:39:11,440] - log_print.py] - INFO: ----------------连接服务器成功----------------
[2019-04-26 19:39:11,441] - log_print.py] - INFO: ----------------开始读取excel中的测试用例----------------
[2019-04-26 19:39:11,461] - log_print.py] - INFO: ----------------执行用例前插入准备更新的表记录----------------
[2019-04-26 19:39:11,461] - log_print.py] - INFO: ----------------正在连接mysql服务器----------------
[2019-04-26 19:39:11,463] - log_print.py] - INFO: ----------------连接服务器成功----------------
[2019-04-26 19:39:11,503] - log_print.py] - INFO: ----------------开始执行测试用例----------------
[2019-04-26 19:39:11,503] - log_print.py] - INFO: ----------------开始调用接口----------------：http://httpbin.org/get
[2019-04-26 19:39:12,015] - log_print.py] - INFO: ----------------返回结果成功----------------：{
  "args": {
    "{\"name\": \"hongnaiwu\", \"age\": \"26\"}": ""
  }, 
  "headers": {
    "Accept": "*/*", 
    "Accept-Encoding": "gzip, deflate", 
    "Host": "httpbin.org", 
    "User-Agent": "python-requests/2.21.0"
  }, 
  "origin": "115.194.104.2, 115.194.104.2", 
  "url": "https://httpbin.org/get?{\"name\": \"hongnaiwu\", \"age\": \"26\"}"
}

[2019-04-26 19:39:12,016] - log_print.py] - INFO: ----------------测试断言结果----------------：第1个测试用例断言：失败
[2019-04-26 19:39:12,078] - log_print.py] - INFO: ----------------根据用例执行情况,开始更新测试结果表的相关数据----------------
[2019-04-26 19:39:12,178] - log_print.py] - INFO: ----------------生成测试报告----------------
[2019-04-26 19:39:12,193] - log_print.py] - INFO: ----------------开始发送测试报告----------------
[2019-04-26 19:39:14,823] - log_print.py] - INFO: ----------------测试报告发送成功----------------
[2019-04-26 19:45:48,523] - log_print.py] - INFO: ----------------读取配置文件中邮箱信息----------------
[2019-04-26 19:45:48,690] - log_print.py] - INFO: ----------------正在连接mysql服务器----------------
[2019-04-26 19:45:48,696] - log_print.py] - INFO: ----------------连接服务器成功----------------
[2019-04-26 19:45:48,697] - log_print.py] - INFO: ----------------开始读取excel中的测试用例----------------
[2019-04-26 19:45:48,717] - log_print.py] - INFO: ----------------执行用例前插入准备更新的表记录----------------
[2019-04-26 19:45:48,717] - log_print.py] - INFO: ----------------正在连接mysql服务器----------------
[2019-04-26 19:45:48,720] - log_print.py] - INFO: ----------------连接服务器成功----------------
[2019-04-26 19:45:48,763] - log_print.py] - INFO: ----------------开始执行测试用例----------------
[2019-04-26 19:45:48,765] - log_print.py] - INFO: ----------------开始调用接口----------------：http://httpbin.org/get
[2019-04-26 19:45:49,269] - log_print.py] - INFO: ----------------返回结果成功----------------：{
  "args": {
    "{\"name\": \"hongnaiwu\", \"age\": \"26\"}": ""
  }, 
  "headers": {
    "Accept": "*/*", 
    "Accept-Encoding": "gzip, deflate", 
    "Host": "httpbin.org", 
    "User-Agent": "python-requests/2.21.0"
  }, 
  "origin": "115.194.104.2, 115.194.104.2", 
  "url": "https://httpbin.org/get?{\"name\": \"hongnaiwu\", \"age\": \"26\"}"
}

[2019-04-26 19:45:49,269] - log_print.py] - INFO: ----------------测试断言结果----------------：第1个测试用例断言：失败
[2019-04-26 19:45:49,305] - log_print.py] - INFO: ----------------根据用例执行情况,开始更新测试结果表的相关数据----------------
[2019-04-26 19:45:49,405] - log_print.py] - INFO: ----------------生成测试报告----------------
[2019-04-26 19:45:49,420] - log_print.py] - INFO: ----------------开始发送测试报告----------------
[2019-04-26 19:45:51,875] - log_print.py] - INFO: ----------------测试报告发送成功----------------
[2019-04-26 19:47:04,890] - log_print.py] - INFO: ----------------读取配置文件中邮箱信息----------------
[2019-04-26 19:47:05,052] - log_print.py] - INFO: ----------------正在连接mysql服务器----------------
[2019-04-26 19:47:05,055] - log_print.py] - INFO: ----------------连接服务器成功----------------
[2019-04-26 19:47:05,056] - log_print.py] - INFO: ----------------开始读取excel中的测试用例----------------
[2019-04-26 19:47:05,075] - log_print.py] - INFO: ----------------执行用例前插入准备更新的表记录----------------
[2019-04-26 19:47:05,075] - log_print.py] - INFO: ----------------正在连接mysql服务器----------------
[2019-04-26 19:47:05,078] - log_print.py] - INFO: ----------------连接服务器成功----------------
[2019-04-26 19:47:05,119] - log_print.py] - INFO: ----------------开始执行测试用例----------------
[2019-04-26 19:47:05,119] - log_print.py] - INFO: ----------------开始调用接口----------------：http://httpbin.org/get
[2019-04-26 19:47:05,684] - log_print.py] - INFO: ----------------返回结果成功----------------：{
  "args": {
    "{\"name\": \"hongnaiwu\", \"age\": \"26\"}": ""
  }, 
  "headers": {
    "Accept": "*/*", 
    "Accept-Encoding": "gzip, deflate", 
    "Host": "httpbin.org", 
    "User-Agent": "python-requests/2.21.0"
  }, 
  "origin": "115.194.104.2, 115.194.104.2", 
  "url": "https://httpbin.org/get?{\"name\": \"hongnaiwu\", \"age\": \"26\"}"
}

[2019-04-26 19:47:05,687] - log_print.py] - INFO: ----------------测试断言结果----------------：第1个测试用例断言：失败
[2019-04-26 19:47:05,720] - log_print.py] - INFO: ----------------根据用例执行情况,开始更新测试结果表的相关数据----------------
[2019-04-26 19:47:05,779] - log_print.py] - INFO: ----------------生成测试报告----------------
[2019-04-26 19:47:05,788] - log_print.py] - INFO: ----------------查询结束,数据库无数据----------------
[2019-04-26 19:49:22,694] - log_print.py] - INFO: ----------------读取配置文件中邮箱信息----------------
[2019-04-26 19:49:22,865] - log_print.py] - INFO: ----------------正在连接mysql服务器----------------
[2019-04-26 19:49:22,871] - log_print.py] - INFO: ----------------连接服务器成功----------------
[2019-04-26 19:49:22,871] - log_print.py] - INFO: ----------------开始读取excel中的测试用例----------------
[2019-04-26 19:49:22,891] - log_print.py] - INFO: ----------------执行用例前插入准备更新的表记录----------------
[2019-04-26 19:49:22,891] - log_print.py] - INFO: ----------------正在连接mysql服务器----------------
[2019-04-26 19:49:22,894] - log_print.py] - INFO: ----------------连接服务器成功----------------
[2019-04-26 19:49:22,931] - log_print.py] - INFO: ----------------开始执行测试用例----------------
[2019-04-26 19:49:22,931] - log_print.py] - INFO: ----------------开始调用接口----------------：http://httpbin.org/get
[2019-04-26 19:49:23,440] - log_print.py] - INFO: ----------------返回结果成功----------------：{
  "args": {
    "{\"name\": \"hongnaiwu\", \"age\": \"26\"}": ""
  }, 
  "headers": {
    "Accept": "*/*", 
    "Accept-Encoding": "gzip, deflate", 
    "Host": "httpbin.org", 
    "User-Agent": "python-requests/2.21.0"
  }, 
  "origin": "115.194.104.2, 115.194.104.2", 
  "url": "https://httpbin.org/get?{\"name\": \"hongnaiwu\", \"age\": \"26\"}"
}

[2019-04-26 19:49:23,443] - log_print.py] - INFO: ----------------测试断言结果----------------：第1个测试用例断言：失败
[2019-04-26 19:49:23,490] - log_print.py] - INFO: ----------------根据用例执行情况,开始更新测试结果表的相关数据----------------
[2019-04-26 19:49:24,098] - log_print.py] - INFO: ----------------生成测试报告----------------
[2019-04-26 19:49:24,114] - log_print.py] - INFO: ----------------开始发送测试报告----------------
[2019-04-26 19:49:26,823] - log_print.py] - INFO: ----------------测试报告发送成功----------------
[2019-04-26 19:52:04,043] - log_print.py] - INFO: ----------------读取配置文件中邮箱信息----------------
[2019-04-26 19:52:04,221] - log_print.py] - INFO: ----------------正在连接mysql服务器----------------
[2019-04-26 19:52:04,226] - log_print.py] - INFO: ----------------连接服务器成功----------------
[2019-04-26 19:52:04,227] - log_print.py] - INFO: ----------------开始读取excel中的测试用例----------------
[2019-04-26 19:52:04,246] - log_print.py] - INFO: ----------------执行用例前插入准备更新的表记录----------------
[2019-04-26 19:52:04,247] - log_print.py] - INFO: ----------------正在连接mysql服务器----------------
[2019-04-26 19:52:04,250] - log_print.py] - INFO: ----------------连接服务器成功----------------
[2019-04-26 19:52:04,342] - log_print.py] - INFO: ----------------开始执行测试用例----------------
[2019-04-26 19:52:04,344] - log_print.py] - INFO: ----------------开始调用接口----------------：http://httpbin.org/get
[2019-04-26 19:52:04,854] - log_print.py] - INFO: ----------------返回结果成功----------------：{
  "args": {
    "{\"name\": \"hongnaiwu\", \"age\": \"26\"}": ""
  }, 
  "headers": {
    "Accept": "*/*", 
    "Accept-Encoding": "gzip, deflate", 
    "Host": "httpbin.org", 
    "User-Agent": "python-requests/2.21.0"
  }, 
  "origin": "115.194.104.2, 115.194.104.2", 
  "url": "https://httpbin.org/get?{\"name\": \"hongnaiwu\", \"age\": \"26\"}"
}

[2019-04-26 19:52:04,855] - log_print.py] - INFO: ----------------测试断言结果----------------：第1个测试用例断言：失败
[2019-04-26 19:52:04,901] - log_print.py] - INFO: ----------------根据用例执行情况,开始更新测试结果表的相关数据----------------
[2019-04-26 19:52:05,509] - log_print.py] - INFO: ----------------生成测试报告----------------
[2019-04-26 19:52:05,513] - log_print.py] - INFO: ----------------开始发送测试报告----------------
[2019-04-26 19:52:08,088] - log_print.py] - INFO: ----------------测试报告发送成功----------------
[2019-04-26 19:52:43,489] - log_print.py] - INFO: ----------------读取配置文件中邮箱信息----------------
[2019-04-26 19:52:43,664] - log_print.py] - INFO: ----------------正在连接mysql服务器----------------
[2019-04-26 19:52:43,670] - log_print.py] - INFO: ----------------连接服务器成功----------------
[2019-04-26 19:52:43,670] - log_print.py] - INFO: ----------------开始读取excel中的测试用例----------------
[2019-04-26 19:52:43,691] - log_print.py] - INFO: ----------------执行用例前插入准备更新的表记录----------------
[2019-04-26 19:52:43,691] - log_print.py] - INFO: ----------------正在连接mysql服务器----------------
[2019-04-26 19:52:43,694] - log_print.py] - INFO: ----------------连接服务器成功----------------
[2019-04-26 19:52:43,733] - log_print.py] - INFO: ----------------开始执行测试用例----------------
[2019-04-26 19:52:43,733] - log_print.py] - INFO: ----------------开始调用接口----------------：http://httpbin.org/get
[2019-04-26 19:52:44,239] - log_print.py] - INFO: ----------------返回结果成功----------------：{
  "args": {
    "{\"name\": \"hongnaiwu\", \"age\": \"26\"}": ""
  }, 
  "headers": {
    "Accept": "*/*", 
    "Accept-Encoding": "gzip, deflate", 
    "Host": "httpbin.org", 
    "User-Agent": "python-requests/2.21.0"
  }, 
  "origin": "115.194.104.2, 115.194.104.2", 
  "url": "https://httpbin.org/get?{\"name\": \"hongnaiwu\", \"age\": \"26\"}"
}

[2019-04-26 19:52:44,239] - log_print.py] - INFO: ----------------测试断言结果----------------：第1个测试用例断言：失败
[2019-04-26 19:52:44,381] - log_print.py] - INFO: ----------------根据用例执行情况,开始更新测试结果表的相关数据----------------
[2019-04-26 19:52:44,974] - log_print.py] - INFO: ----------------生成测试报告----------------
[2019-04-26 19:52:44,986] - log_print.py] - INFO: ----------------开始发送测试报告----------------
[2019-04-26 19:52:47,677] - log_print.py] - INFO: ----------------测试报告发送成功----------------
[2019-04-26 19:53:37,305] - log_print.py] - INFO: ----------------读取配置文件中邮箱信息----------------
[2019-04-26 19:53:37,476] - log_print.py] - INFO: ----------------正在连接mysql服务器----------------
[2019-04-26 19:53:37,480] - log_print.py] - INFO: ----------------连接服务器成功----------------
[2019-04-26 19:53:37,480] - log_print.py] - INFO: ----------------开始读取excel中的测试用例----------------
[2019-04-26 19:53:37,500] - log_print.py] - INFO: ----------------执行用例前插入准备更新的表记录----------------
[2019-04-26 19:53:37,500] - log_print.py] - INFO: ----------------正在连接mysql服务器----------------
[2019-04-26 19:53:37,503] - log_print.py] - INFO: ----------------连接服务器成功----------------
[2019-04-26 19:53:37,546] - log_print.py] - INFO: ----------------开始执行测试用例----------------
[2019-04-26 19:53:37,548] - log_print.py] - INFO: ----------------开始调用接口----------------：http://httpbin.org/get
[2019-04-26 19:53:38,056] - log_print.py] - INFO: ----------------返回结果成功----------------：{
  "args": {
    "{\"name\": \"hongnaiwu\", \"age\": \"26\"}": ""
  }, 
  "headers": {
    "Accept": "*/*", 
    "Accept-Encoding": "gzip, deflate", 
    "Host": "httpbin.org", 
    "User-Agent": "python-requests/2.21.0"
  }, 
  "origin": "115.194.104.2, 115.194.104.2", 
  "url": "https://httpbin.org/get?{\"name\": \"hongnaiwu\", \"age\": \"26\"}"
}

[2019-04-26 19:53:38,056] - log_print.py] - INFO: ----------------测试断言结果----------------：第1个测试用例断言：通过
[2019-04-26 19:53:38,088] - log_print.py] - INFO: ----------------根据用例执行情况,开始更新测试结果表的相关数据----------------
[2019-04-26 19:53:38,680] - log_print.py] - INFO: ----------------生成测试报告----------------
[2019-04-26 19:53:38,696] - log_print.py] - INFO: ----------------开始发送测试报告----------------
[2019-04-26 19:53:41,351] - log_print.py] - INFO: ----------------测试报告发送成功----------------
[2019-04-26 20:01:20,355] - log_print.py] - INFO: ----------------读取配置文件中邮箱信息----------------
[2019-04-26 20:01:20,529] - log_print.py] - INFO: ----------------正在连接mysql服务器----------------
[2019-04-26 20:01:20,535] - log_print.py] - INFO: ----------------连接服务器成功----------------
[2019-04-26 20:01:20,536] - log_print.py] - INFO: ----------------开始读取excel中的测试用例----------------
[2019-04-26 20:01:20,555] - log_print.py] - INFO: ----------------执行用例前插入准备更新的表记录----------------
[2019-04-26 20:01:20,555] - log_print.py] - INFO: ----------------正在连接mysql服务器----------------
[2019-04-26 20:01:20,558] - log_print.py] - INFO: ----------------连接服务器成功----------------
[2019-04-26 20:01:20,605] - log_print.py] - INFO: ----------------开始执行测试用例----------------
[2019-04-26 20:01:20,605] - log_print.py] - INFO: ----------------开始调用接口----------------：http://httpbin.org/get
[2019-04-26 20:01:21,115] - log_print.py] - INFO: ----------------返回结果成功----------------：{
  "args": {
    "{\"name\": \"hongnaiwu\", \"age\": \"26\"}": ""
  }, 
  "headers": {
    "Accept": "*/*", 
    "Accept-Encoding": "gzip, deflate", 
    "Host": "httpbin.org", 
    "User-Agent": "python-requests/2.21.0"
  }, 
  "origin": "115.194.104.2, 115.194.104.2", 
  "url": "https://httpbin.org/get?{\"name\": \"hongnaiwu\", \"age\": \"26\"}"
}

[2019-04-26 20:01:21,115] - log_print.py] - INFO: ----------------测试断言结果----------------：第1个测试用例断言：通过
[2019-04-26 20:01:21,154] - log_print.py] - INFO: ----------------根据用例执行情况,开始更新测试结果表的相关数据----------------
[2019-04-26 20:01:21,746] - log_print.py] - INFO: ----------------生成测试报告----------------
[2019-04-26 20:01:21,750] - log_print.py] - INFO: ----------------查询结束,数据库无数据----------------
[2019-04-26 20:03:40,993] - log_print.py] - INFO: ----------------读取配置文件中邮箱信息----------------
[2019-04-26 20:03:41,160] - log_print.py] - INFO: ----------------正在连接mysql服务器----------------
[2019-04-26 20:03:41,164] - log_print.py] - INFO: ----------------连接服务器成功----------------
[2019-04-26 20:03:41,164] - log_print.py] - INFO: ----------------开始读取excel中的测试用例----------------
[2019-04-26 20:03:41,183] - log_print.py] - INFO: ----------------执行用例前插入准备更新的表记录----------------
[2019-04-26 20:03:41,184] - log_print.py] - INFO: ----------------正在连接mysql服务器----------------
[2019-04-26 20:03:41,186] - log_print.py] - INFO: ----------------连接服务器成功----------------
[2019-04-26 20:03:41,233] - log_print.py] - INFO: ----------------开始执行测试用例----------------
[2019-04-26 20:03:41,233] - log_print.py] - INFO: ----------------开始调用接口----------------：http://httpbin.org/get
[2019-04-26 20:03:41,733] - log_print.py] - INFO: ----------------返回结果成功----------------：{
  "args": {
    "{\"name\": \"hongnaiwu\", \"age\": \"26\"}": ""
  }, 
  "headers": {
    "Accept": "*/*", 
    "Accept-Encoding": "gzip, deflate", 
    "Host": "httpbin.org", 
    "User-Agent": "python-requests/2.21.0"
  }, 
  "origin": "115.194.104.2, 115.194.104.2", 
  "url": "https://httpbin.org/get?{\"name\": \"hongnaiwu\", \"age\": \"26\"}"
}

[2019-04-26 20:03:41,736] - log_print.py] - INFO: ----------------测试断言结果----------------：第1个测试用例断言：通过
[2019-04-26 20:03:41,776] - log_print.py] - INFO: ----------------根据用例执行情况,开始更新测试结果表的相关数据----------------
[2019-04-26 20:03:42,384] - log_print.py] - INFO: ----------------生成测试报告----------------
[2019-04-26 20:03:42,391] - log_print.py] - INFO: ----------------查询结束,数据库无数据----------------
[2019-04-26 20:06:32,698] - log_print.py] - INFO: ----------------读取配置文件中邮箱信息----------------
[2019-04-26 20:06:32,878] - log_print.py] - INFO: ----------------正在连接mysql服务器----------------
[2019-04-26 20:06:32,882] - log_print.py] - INFO: ----------------连接服务器成功----------------
[2019-04-26 20:06:32,884] - log_print.py] - INFO: ----------------开始读取excel中的测试用例----------------
[2019-04-26 20:06:32,903] - log_print.py] - INFO: ----------------执行用例前插入准备更新的表记录----------------
[2019-04-26 20:06:32,903] - log_print.py] - INFO: ----------------正在连接mysql服务器----------------
[2019-04-26 20:06:32,905] - log_print.py] - INFO: ----------------连接服务器成功----------------
[2019-04-26 20:06:33,010] - log_print.py] - INFO: ----------------开始执行测试用例----------------
[2019-04-26 20:06:33,010] - log_print.py] - INFO: ----------------开始调用接口----------------：http://httpbin.org/get
[2019-04-26 20:06:33,522] - log_print.py] - INFO: ----------------返回结果成功----------------：{
  "args": {
    "{\"name\": \"hongnaiwu\", \"age\": \"26\"}": ""
  }, 
  "headers": {
    "Accept": "*/*", 
    "Accept-Encoding": "gzip, deflate", 
    "Host": "httpbin.org", 
    "User-Agent": "python-requests/2.21.0"
  }, 
  "origin": "115.194.104.2, 115.194.104.2", 
  "url": "https://httpbin.org/get?{\"name\": \"hongnaiwu\", \"age\": \"26\"}"
}

[2019-04-26 20:06:33,522] - log_print.py] - INFO: ----------------测试断言结果----------------：第1个测试用例断言：通过
[2019-04-26 20:06:33,585] - log_print.py] - INFO: ----------------根据用例执行情况,开始更新测试结果表的相关数据----------------
[2019-04-26 20:06:34,187] - log_print.py] - INFO: ----------------生成测试报告----------------
[2019-04-26 20:06:34,197] - log_print.py] - INFO: ----------------查询结束,数据库无数据----------------
[2019-04-26 20:06:34,203] - log_print.py] - INFO: ----------------开始发送测试报告----------------
[2019-04-26 20:06:39,255] - log_print.py] - INFO: ----------------测试报告发送成功----------------
[2019-04-26 20:14:06,385] - log_print.py] - INFO: ----------------读取配置文件中邮箱信息----------------
[2019-04-26 20:14:06,549] - log_print.py] - INFO: ----------------正在连接mysql服务器----------------
[2019-04-26 20:14:06,555] - log_print.py] - INFO: ----------------连接服务器成功----------------
[2019-04-26 20:14:06,555] - log_print.py] - INFO: ----------------开始读取excel中的测试用例----------------
[2019-04-26 20:14:06,573] - log_print.py] - INFO: ----------------执行用例前插入准备更新的表记录----------------
[2019-04-26 20:14:06,575] - log_print.py] - INFO: ----------------正在连接mysql服务器----------------
[2019-04-26 20:14:06,575] - log_print.py] - INFO: ----------------连接服务器成功----------------
[2019-04-26 20:14:06,618] - log_print.py] - INFO: ----------------开始执行测试用例----------------
[2019-04-26 20:14:06,619] - log_print.py] - INFO: ----------------开始调用接口----------------：http://httpbin.org/get
[2019-04-26 20:14:07,128] - log_print.py] - INFO: ----------------返回结果成功----------------：{
  "args": {
    "{\"name\": \"hongnaiwu\", \"age\": \"26\"}": ""
  }, 
  "headers": {
    "Accept": "*/*", 
    "Accept-Encoding": "gzip, deflate", 
    "Host": "httpbin.org", 
    "User-Agent": "python-requests/2.21.0"
  }, 
  "origin": "115.194.104.2, 115.194.104.2", 
  "url": "https://httpbin.org/get?{\"name\": \"hongnaiwu\", \"age\": \"26\"}"
}

[2019-04-26 20:14:07,128] - log_print.py] - INFO: ----------------测试断言结果----------------：第1个测试用例断言：通过
[2019-04-26 20:14:07,177] - log_print.py] - INFO: ----------------根据用例执行情况,开始更新测试结果表的相关数据----------------
[2019-04-26 20:14:07,769] - log_print.py] - INFO: ----------------生成测试报告----------------
[2019-04-26 20:14:07,773] - log_print.py] - INFO: ----------------查询结束,数据库无数据----------------
[2019-04-26 20:15:14,233] - log_print.py] - INFO: ----------------读取配置文件中邮箱信息----------------
[2019-04-26 20:15:14,403] - log_print.py] - INFO: ----------------正在连接mysql服务器----------------
[2019-04-26 20:15:14,407] - log_print.py] - INFO: ----------------连接服务器成功----------------
[2019-04-26 20:15:14,408] - log_print.py] - INFO: ----------------开始读取excel中的测试用例----------------
[2019-04-26 20:15:14,428] - log_print.py] - INFO: ----------------执行用例前插入准备更新的表记录----------------
[2019-04-26 20:15:14,428] - log_print.py] - INFO: ----------------正在连接mysql服务器----------------
[2019-04-26 20:15:14,430] - log_print.py] - INFO: ----------------连接服务器成功----------------
[2019-04-26 20:15:14,474] - log_print.py] - INFO: ----------------开始执行测试用例----------------
[2019-04-26 20:15:14,476] - log_print.py] - INFO: ----------------开始调用接口----------------：http://httpbin.org/get
[2019-04-26 20:15:17,187] - log_print.py] - INFO: ----------------返回结果成功----------------：{
  "args": {
    "{\"name\": \"hongnaiwu\", \"age\": \"26\"}": ""
  }, 
  "headers": {
    "Accept": "*/*", 
    "Accept-Encoding": "gzip, deflate", 
    "Host": "httpbin.org", 
    "User-Agent": "python-requests/2.21.0"
  }, 
  "origin": "115.194.104.2, 115.194.104.2", 
  "url": "https://httpbin.org/get?{\"name\": \"hongnaiwu\", \"age\": \"26\"}"
}

[2019-04-26 20:15:17,188] - log_print.py] - INFO: ----------------测试断言结果----------------：第1个测试用例断言：通过
[2019-04-26 20:15:17,259] - log_print.py] - INFO: ----------------根据用例执行情况,开始更新测试结果表的相关数据----------------
[2019-04-26 20:15:17,851] - log_print.py] - INFO: ----------------生成测试报告----------------
[2019-04-26 20:15:17,855] - log_print.py] - INFO: ----------------查询结束,数据库无数据----------------
[2019-04-26 20:15:47,424] - log_print.py] - INFO: ----------------读取配置文件中邮箱信息----------------
[2019-04-26 20:15:47,595] - log_print.py] - INFO: ----------------正在连接mysql服务器----------------
[2019-04-26 20:15:47,599] - log_print.py] - INFO: ----------------连接服务器成功----------------
[2019-04-26 20:15:47,599] - log_print.py] - INFO: ----------------开始读取excel中的测试用例----------------
[2019-04-26 20:15:47,618] - log_print.py] - INFO: ----------------执行用例前插入准备更新的表记录----------------
[2019-04-26 20:15:47,618] - log_print.py] - INFO: ----------------正在连接mysql服务器----------------
[2019-04-26 20:15:47,621] - log_print.py] - INFO: ----------------连接服务器成功----------------
[2019-04-26 20:15:47,674] - log_print.py] - INFO: ----------------开始执行测试用例----------------
[2019-04-26 20:15:47,674] - log_print.py] - INFO: ----------------开始调用接口----------------：http://httpbin.org/get
[2019-04-26 20:15:48,180] - log_print.py] - INFO: ----------------返回结果成功----------------：{
  "args": {
    "{\"name\": \"hongnaiwu\", \"age\": \"26\"}": ""
  }, 
  "headers": {
    "Accept": "*/*", 
    "Accept-Encoding": "gzip, deflate", 
    "Host": "httpbin.org", 
    "User-Agent": "python-requests/2.21.0"
  }, 
  "origin": "115.194.104.2, 115.194.104.2", 
  "url": "https://httpbin.org/get?{\"name\": \"hongnaiwu\", \"age\": \"26\"}"
}

[2019-04-26 20:15:48,180] - log_print.py] - INFO: ----------------测试断言结果----------------：第1个测试用例断言：通过
[2019-04-26 20:15:48,223] - log_print.py] - INFO: ----------------根据用例执行情况,开始更新测试结果表的相关数据----------------
[2019-04-26 20:15:48,806] - log_print.py] - INFO: ----------------生成测试报告----------------
[2019-04-26 20:15:48,809] - log_print.py] - INFO: ----------------查询结束,数据库无数据----------------
[2019-04-26 20:16:54,783] - log_print.py] - INFO: ----------------读取配置文件中邮箱信息----------------
[2019-04-26 20:16:54,948] - log_print.py] - INFO: ----------------正在连接mysql服务器----------------
[2019-04-26 20:16:54,953] - log_print.py] - INFO: ----------------连接服务器成功----------------
[2019-04-26 20:16:54,953] - log_print.py] - INFO: ----------------开始读取excel中的测试用例----------------
[2019-04-26 20:16:54,976] - log_print.py] - INFO: ----------------执行用例前插入准备更新的表记录----------------
[2019-04-26 20:16:54,976] - log_print.py] - INFO: ----------------正在连接mysql服务器----------------
[2019-04-26 20:16:54,977] - log_print.py] - INFO: ----------------连接服务器成功----------------
[2019-04-26 20:16:55,020] - log_print.py] - INFO: ----------------开始执行测试用例----------------
[2019-04-26 20:16:55,022] - log_print.py] - INFO: ----------------开始调用接口----------------：http://httpbin.org/get
[2019-04-26 20:16:55,517] - log_print.py] - INFO: ----------------返回结果成功----------------：{
  "args": {
    "{\"name\": \"hongnaiwu\", \"age\": \"26\"}": ""
  }, 
  "headers": {
    "Accept": "*/*", 
    "Accept-Encoding": "gzip, deflate", 
    "Host": "httpbin.org", 
    "User-Agent": "python-requests/2.21.0"
  }, 
  "origin": "115.194.104.2, 115.194.104.2", 
  "url": "https://httpbin.org/get?{\"name\": \"hongnaiwu\", \"age\": \"26\"}"
}

[2019-04-26 20:16:55,519] - log_print.py] - INFO: ----------------测试断言结果----------------：第1个测试用例断言：通过
[2019-04-26 20:16:55,579] - log_print.py] - INFO: ----------------根据用例执行情况,开始更新测试结果表的相关数据----------------
[2019-04-26 20:16:56,171] - log_print.py] - INFO: ----------------生成测试报告----------------
[2019-04-26 20:16:56,178] - log_print.py] - INFO: ----------------查询结束,数据库无数据----------------
[2019-04-26 20:17:42,012] - log_print.py] - INFO: ----------------读取配置文件中邮箱信息----------------
[2019-04-26 20:17:42,203] - log_print.py] - INFO: ----------------正在连接mysql服务器----------------
[2019-04-26 20:17:42,209] - log_print.py] - INFO: ----------------连接服务器成功----------------
[2019-04-26 20:17:42,210] - log_print.py] - INFO: ----------------开始读取excel中的测试用例----------------
[2019-04-26 20:17:42,230] - log_print.py] - INFO: ----------------执行用例前插入准备更新的表记录----------------
[2019-04-26 20:17:42,230] - log_print.py] - INFO: ----------------正在连接mysql服务器----------------
[2019-04-26 20:17:42,233] - log_print.py] - INFO: ----------------连接服务器成功----------------
[2019-04-26 20:17:42,352] - log_print.py] - INFO: ----------------开始执行测试用例----------------
[2019-04-26 20:17:42,352] - log_print.py] - INFO: ----------------开始调用接口----------------：http://httpbin.org/get
[2019-04-26 20:17:42,921] - log_print.py] - INFO: ----------------返回结果成功----------------：{
  "args": {
    "{\"name\": \"hongnaiwu\", \"age\": \"26\"}": ""
  }, 
  "headers": {
    "Accept": "*/*", 
    "Accept-Encoding": "gzip, deflate", 
    "Host": "httpbin.org", 
    "User-Agent": "python-requests/2.21.0"
  }, 
  "origin": "115.194.104.2, 115.194.104.2", 
  "url": "https://httpbin.org/get?{\"name\": \"hongnaiwu\", \"age\": \"26\"}"
}

[2019-04-26 20:17:42,923] - log_print.py] - INFO: ----------------测试断言结果----------------：第1个测试用例断言：通过
[2019-04-26 20:17:42,961] - log_print.py] - INFO: ----------------根据用例执行情况,开始更新测试结果表的相关数据----------------
[2019-04-26 20:17:43,611] - log_print.py] - INFO: ----------------生成测试报告----------------
[2019-04-26 20:17:43,617] - log_print.py] - INFO: ----------------查询结束,数据库无数据----------------
[2019-04-26 20:19:18,413] - log_print.py] - INFO: ----------------读取配置文件中邮箱信息----------------
[2019-04-26 20:19:18,582] - log_print.py] - INFO: ----------------正在连接mysql服务器----------------
[2019-04-26 20:19:18,586] - log_print.py] - INFO: ----------------连接服务器成功----------------
[2019-04-26 20:19:18,588] - log_print.py] - INFO: ----------------开始读取excel中的测试用例----------------
[2019-04-26 20:19:18,608] - log_print.py] - INFO: ----------------执行用例前插入准备更新的表记录----------------
[2019-04-26 20:19:18,608] - log_print.py] - INFO: ----------------正在连接mysql服务器----------------
[2019-04-26 20:19:18,611] - log_print.py] - INFO: ----------------连接服务器成功----------------
[2019-04-26 20:19:18,657] - log_print.py] - INFO: ----------------开始执行测试用例----------------
[2019-04-26 20:19:18,657] - log_print.py] - INFO: ----------------开始调用接口----------------：http://httpbin.org/get
[2019-04-26 20:19:19,187] - log_print.py] - INFO: ----------------返回结果成功----------------：{
  "args": {
    "{\"name\": \"hongnaiwu\", \"age\": \"26\"}": ""
  }, 
  "headers": {
    "Accept": "*/*", 
    "Accept-Encoding": "gzip, deflate", 
    "Host": "httpbin.org", 
    "User-Agent": "python-requests/2.21.0"
  }, 
  "origin": "115.194.104.2, 115.194.104.2", 
  "url": "https://httpbin.org/get?{\"name\": \"hongnaiwu\", \"age\": \"26\"}"
}

[2019-04-26 20:19:19,187] - log_print.py] - INFO: ----------------测试断言结果----------------：第1个测试用例断言：通过
[2019-04-26 20:19:19,249] - log_print.py] - INFO: ----------------根据用例执行情况,开始更新测试结果表的相关数据----------------
[2019-04-26 20:19:19,834] - log_print.py] - INFO: ----------------生成测试报告----------------
[2019-04-26 20:19:19,841] - log_print.py] - INFO: ----------------查询结束,数据库无数据----------------
[2019-04-26 20:19:19,846] - log_print.py] - INFO: ----------------开始发送测试报告----------------
[2019-04-26 20:19:22,576] - log_print.py] - INFO: ----------------测试报告发送成功----------------
[2019-04-26 20:22:17,437] - log_print.py] - INFO: ----------------读取配置文件中邮箱信息----------------
[2019-04-26 20:22:17,609] - log_print.py] - INFO: ----------------正在连接mysql服务器----------------
[2019-04-26 20:22:17,615] - log_print.py] - INFO: ----------------连接服务器成功----------------
[2019-04-26 20:22:17,615] - log_print.py] - INFO: ----------------开始读取excel中的测试用例----------------
[2019-04-26 20:22:17,635] - log_print.py] - INFO: ----------------执行用例前插入准备更新的表记录----------------
[2019-04-26 20:22:17,637] - log_print.py] - INFO: ----------------正在连接mysql服务器----------------
[2019-04-26 20:22:17,638] - log_print.py] - INFO: ----------------连接服务器成功----------------
[2019-04-26 20:22:17,701] - log_print.py] - INFO: ----------------开始执行测试用例----------------
[2019-04-26 20:22:17,701] - log_print.py] - INFO: ----------------开始调用接口----------------：http://httpbin.org/get
[2019-04-26 20:22:21,198] - log_print.py] - INFO: ----------------返回结果成功----------------：{
  "args": {
    "{\"name\": \"hongnaiwu\", \"age\": \"26\"}": ""
  }, 
  "headers": {
    "Accept": "*/*", 
    "Accept-Encoding": "gzip, deflate", 
    "Host": "httpbin.org", 
    "User-Agent": "python-requests/2.21.0"
  }, 
  "origin": "115.194.104.2, 115.194.104.2", 
  "url": "https://httpbin.org/get?{\"name\": \"hongnaiwu\", \"age\": \"26\"}"
}

[2019-04-26 20:22:21,200] - log_print.py] - INFO: ----------------测试断言结果----------------：第1个测试用例断言：通过
[2019-04-26 20:22:21,243] - log_print.py] - INFO: ----------------根据用例执行情况,开始更新测试结果表的相关数据----------------
[2019-04-26 20:22:21,835] - log_print.py] - INFO: ----------------生成测试报告----------------
[2019-04-26 20:22:52,572] - log_print.py] - INFO: ----------------读取配置文件中邮箱信息----------------
[2019-04-26 20:22:52,737] - log_print.py] - INFO: ----------------正在连接mysql服务器----------------
[2019-04-26 20:22:52,743] - log_print.py] - INFO: ----------------连接服务器成功----------------
[2019-04-26 20:22:52,744] - log_print.py] - INFO: ----------------开始读取excel中的测试用例----------------
[2019-04-26 20:22:52,763] - log_print.py] - INFO: ----------------执行用例前插入准备更新的表记录----------------
[2019-04-26 20:22:52,763] - log_print.py] - INFO: ----------------正在连接mysql服务器----------------
[2019-04-26 20:22:52,766] - log_print.py] - INFO: ----------------连接服务器成功----------------
[2019-04-26 20:22:52,858] - log_print.py] - INFO: ----------------开始执行测试用例----------------
[2019-04-26 20:22:52,859] - log_print.py] - INFO: ----------------开始调用接口----------------：http://httpbin.org/get
[2019-04-26 20:22:53,352] - log_print.py] - INFO: ----------------返回结果成功----------------：{
  "args": {
    "{\"name\": \"hongnaiwu\", \"age\": \"26\"}": ""
  }, 
  "headers": {
    "Accept": "*/*", 
    "Accept-Encoding": "gzip, deflate", 
    "Host": "httpbin.org", 
    "User-Agent": "python-requests/2.21.0"
  }, 
  "origin": "115.194.104.2, 115.194.104.2", 
  "url": "https://httpbin.org/get?{\"name\": \"hongnaiwu\", \"age\": \"26\"}"
}

[2019-04-26 20:22:53,354] - log_print.py] - INFO: ----------------测试断言结果----------------：第1个测试用例断言：通过
[2019-04-26 20:22:53,391] - log_print.py] - INFO: ----------------根据用例执行情况,开始更新测试结果表的相关数据----------------
[2019-04-26 20:22:53,990] - log_print.py] - INFO: ----------------生成测试报告----------------
[2019-04-26 20:23:36,289] - log_print.py] - INFO: ----------------读取配置文件中邮箱信息----------------
[2019-04-26 20:23:36,457] - log_print.py] - INFO: ----------------正在连接mysql服务器----------------
[2019-04-26 20:23:36,463] - log_print.py] - INFO: ----------------连接服务器成功----------------
[2019-04-26 20:23:36,463] - log_print.py] - INFO: ----------------开始读取excel中的测试用例----------------
[2019-04-26 20:23:36,482] - log_print.py] - INFO: ----------------执行用例前插入准备更新的表记录----------------
[2019-04-26 20:23:36,483] - log_print.py] - INFO: ----------------正在连接mysql服务器----------------
[2019-04-26 20:23:36,484] - log_print.py] - INFO: ----------------连接服务器成功----------------
[2019-04-26 20:23:36,556] - log_print.py] - INFO: ----------------开始执行测试用例----------------
[2019-04-26 20:23:36,558] - log_print.py] - INFO: ----------------开始调用接口----------------：http://httpbin.org/get
[2019-04-26 20:23:37,049] - log_print.py] - INFO: ----------------返回结果成功----------------：{
  "args": {
    "{\"name\": \"hongnaiwu\", \"age\": \"26\"}": ""
  }, 
  "headers": {
    "Accept": "*/*", 
    "Accept-Encoding": "gzip, deflate", 
    "Host": "httpbin.org", 
    "User-Agent": "python-requests/2.21.0"
  }, 
  "origin": "115.194.104.2, 115.194.104.2", 
  "url": "https://httpbin.org/get?{\"name\": \"hongnaiwu\", \"age\": \"26\"}"
}

[2019-04-26 20:23:37,049] - log_print.py] - INFO: ----------------测试断言结果----------------：第1个测试用例断言：通过
[2019-04-26 20:23:37,122] - log_print.py] - INFO: ----------------根据用例执行情况,开始更新测试结果表的相关数据----------------
[2019-04-26 20:23:37,716] - log_print.py] - INFO: ----------------生成测试报告----------------
[2019-04-26 20:23:37,727] - log_print.py] - INFO: ----------------查询结束,数据库无数据----------------
[2019-04-26 20:23:37,733] - log_print.py] - INFO: ----------------开始发送测试报告----------------
[2019-04-26 20:23:40,453] - log_print.py] - INFO: ----------------测试报告发送成功----------------
[2019-04-26 20:24:43,854] - log_print.py] - INFO: ----------------读取配置文件中邮箱信息----------------
[2019-04-26 20:24:44,026] - log_print.py] - INFO: ----------------正在连接mysql服务器----------------
[2019-04-26 20:24:44,030] - log_print.py] - INFO: ----------------连接服务器成功----------------
[2019-04-26 20:24:44,032] - log_print.py] - INFO: ----------------开始读取excel中的测试用例----------------
[2019-04-26 20:24:44,051] - log_print.py] - INFO: ----------------执行用例前插入准备更新的表记录----------------
[2019-04-26 20:24:44,052] - log_print.py] - INFO: ----------------正在连接mysql服务器----------------
[2019-04-26 20:24:44,055] - log_print.py] - INFO: ----------------连接服务器成功----------------
[2019-04-26 20:24:44,095] - log_print.py] - INFO: ----------------开始执行测试用例----------------
[2019-04-26 20:24:44,096] - log_print.py] - INFO: ----------------开始调用接口----------------：http://httpbin.org/get
[2019-04-26 20:24:44,611] - log_print.py] - INFO: ----------------返回结果成功----------------：{
  "args": {
    "{\"name\": \"hongnaiwu\", \"age\": \"26\"}": ""
  }, 
  "headers": {
    "Accept": "*/*", 
    "Accept-Encoding": "gzip, deflate", 
    "Host": "httpbin.org", 
    "User-Agent": "python-requests/2.21.0"
  }, 
  "origin": "115.194.104.2, 115.194.104.2", 
  "url": "https://httpbin.org/get?{\"name\": \"hongnaiwu\", \"age\": \"26\"}"
}

[2019-04-26 20:24:44,612] - log_print.py] - INFO: ----------------测试断言结果----------------：第1个测试用例断言：通过
[2019-04-26 20:24:44,654] - log_print.py] - INFO: ----------------根据用例执行情况,开始更新测试结果表的相关数据----------------
[2019-04-26 20:24:45,256] - log_print.py] - INFO: ----------------生成测试报告----------------
[2019-04-26 20:24:45,263] - log_print.py] - INFO: ----------------查询结束,数据库无数据----------------
[2019-04-26 20:24:45,269] - log_print.py] - INFO: ----------------开始发送测试报告----------------
[2019-04-26 20:24:47,964] - log_print.py] - INFO: ----------------测试报告发送成功----------------
[2019-04-26 20:26:54,938] - log_print.py] - INFO: ----------------读取配置文件中邮箱信息----------------
[2019-04-26 20:26:55,102] - log_print.py] - INFO: ----------------正在连接mysql服务器----------------
[2019-04-26 20:26:55,108] - log_print.py] - INFO: ----------------连接服务器成功----------------
[2019-04-26 20:26:55,108] - log_print.py] - INFO: ----------------开始读取excel中的测试用例----------------
[2019-04-26 20:26:55,130] - log_print.py] - INFO: ----------------执行用例前插入准备更新的表记录----------------
[2019-04-26 20:26:55,131] - log_print.py] - INFO: ----------------正在连接mysql服务器----------------
[2019-04-26 20:26:55,131] - log_print.py] - INFO: ----------------连接服务器成功----------------
[2019-04-26 20:26:55,183] - log_print.py] - INFO: ----------------开始执行测试用例----------------
[2019-04-26 20:26:55,184] - log_print.py] - INFO: ----------------开始调用接口----------------：http://httpbin.org/get
[2019-04-26 20:26:55,688] - log_print.py] - INFO: ----------------返回结果成功----------------：{
  "args": {
    "{\"name\": \"hongnaiwu\", \"age\": \"26\"}": ""
  }, 
  "headers": {
    "Accept": "*/*", 
    "Accept-Encoding": "gzip, deflate", 
    "Host": "httpbin.org", 
    "User-Agent": "python-requests/2.21.0"
  }, 
  "origin": "115.194.104.2, 115.194.104.2", 
  "url": "https://httpbin.org/get?{\"name\": \"hongnaiwu\", \"age\": \"26\"}"
}

[2019-04-26 20:26:55,690] - log_print.py] - INFO: ----------------测试断言结果----------------：第1个测试用例断言：通过
[2019-04-26 20:26:55,734] - log_print.py] - INFO: ----------------根据用例执行情况,开始更新测试结果表的相关数据----------------
[2019-04-26 20:26:55,786] - log_print.py] - INFO: ----------------开始调用接口----------------：http://116.62.67.80:9050/baseVerify/faceAuthentication
[2019-04-26 20:27:00,795] - log_print.py] - ERROR: ----------------返回结果失败----------------：第2个测试用例的接口请求超时响应,请注意!! [ http://116.62.67.80:9050/baseVerify/faceAuthentication ]
[2019-04-26 20:27:00,842] - log_print.py] - INFO: ----------------接口超时,开始发送邮件----------------
[2019-04-26 20:27:03,118] - log_print.py] - INFO: ----------------超时邮件发送成功----------------
[2019-04-26 20:27:03,151] - log_print.py] - INFO: ----------------根据用例执行情况,开始更新测试结果表的相关数据----------------
[2019-04-26 20:27:03,750] - log_print.py] - INFO: ----------------生成测试报告----------------
[2019-04-26 20:27:03,769] - log_print.py] - INFO: ----------------开始发送测试报告----------------
[2019-04-26 20:27:06,108] - log_print.py] - INFO: ----------------测试报告发送成功----------------
[2019-04-26 20:33:25,907] - log_print.py] - INFO: ----------------读取配置文件中邮箱信息----------------
[2019-04-26 20:33:26,081] - log_print.py] - INFO: ----------------正在连接mysql服务器----------------
[2019-04-26 20:33:26,086] - log_print.py] - INFO: ----------------连接服务器成功----------------
[2019-04-26 20:33:26,086] - log_print.py] - INFO: ----------------开始读取excel中的测试用例----------------
[2019-04-26 20:33:26,108] - log_print.py] - INFO: ----------------执行用例前插入准备更新的表记录----------------
[2019-04-26 20:33:26,108] - log_print.py] - INFO: ----------------正在连接mysql服务器----------------
[2019-04-26 20:33:26,109] - log_print.py] - INFO: ----------------连接服务器成功----------------
[2019-04-26 20:33:26,151] - log_print.py] - INFO: ----------------开始执行测试用例----------------
[2019-04-26 20:33:26,153] - log_print.py] - INFO: ----------------开始调用接口----------------：http://httpbin.org/get
[2019-04-26 20:33:26,654] - log_print.py] - INFO: ----------------返回结果成功----------------：{
  "args": {
    "{\"name\": \"hongnaiwu\", \"age\": \"26\"}": ""
  }, 
  "headers": {
    "Accept": "*/*", 
    "Accept-Encoding": "gzip, deflate", 
    "Host": "httpbin.org", 
    "User-Agent": "python-requests/2.21.0"
  }, 
  "origin": "115.194.104.2, 115.194.104.2", 
  "url": "https://httpbin.org/get?{\"name\": \"hongnaiwu\", \"age\": \"26\"}"
}

[2019-04-26 20:33:26,654] - log_print.py] - INFO: ----------------测试断言结果----------------：第1个测试用例断言：通过
[2019-04-26 20:33:26,684] - log_print.py] - INFO: ----------------根据用例执行情况,开始更新测试结果表的相关数据----------------
[2019-04-26 20:33:26,734] - log_print.py] - INFO: ----------------开始调用接口----------------：http://116.62.67.80:9050/baseVerify/faceAuthentication
[2019-04-26 20:33:31,740] - log_print.py] - ERROR: ----------------返回结果失败----------------：第2个测试用例的接口请求超时响应,请注意!! [ http://116.62.67.80:9050/baseVerify/faceAuthentication ]
[2019-04-26 20:33:31,811] - log_print.py] - INFO: ----------------接口超时,开始发送邮件----------------
[2019-04-26 20:33:34,023] - log_print.py] - INFO: ----------------超时邮件发送成功----------------
[2019-04-26 20:33:34,055] - log_print.py] - INFO: ----------------根据用例执行情况,开始更新测试结果表的相关数据----------------
[2019-04-26 20:33:34,645] - log_print.py] - INFO: ----------------生成测试报告----------------
[2019-04-26 20:33:34,660] - log_print.py] - INFO: ----------------开始发送测试报告----------------
[2019-04-26 20:33:37,259] - log_print.py] - INFO: ----------------测试报告发送成功----------------
